current directory: /usr/local/bundle/gems/psych-5.2.2/ext/psych
/usr/local/bin/ruby extconf.rb
checking for pkg-config for yaml-0.1... [" ", "", "-lyaml"]
checking for yaml.h... yes
checking for yaml_get_version() in -lyaml... yes
creating Makefile

current directory: /usr/local/bundle/gems/psych-5.2.2/ext/psych
make DESTDIR\= sitearchdir\=./.gem.20250106-1-w99qzc sitelibdir\=./.gem.20250106-1-w99qzc clean
cd libyaml && make clean
/bin/sh: 1: cd: can't cd to libyaml
make: [Makefile:283: clean-so] Error 2 (ignored)

current directory: /usr/local/bundle/gems/psych-5.2.2/ext/psych
make DESTDIR\= sitearchdir\=./.gem.20250106-1-w99qzc sitelibdir\=./.gem.20250106-1-w99qzc
compiling psych.c
compiling psych_emitter.c
compiling psych_parser.c
compiling psych_to_ruby.c
compiling psych_yaml_tree.c
linking shared-object psych.so

current directory: /usr/local/bundle/gems/psych-5.2.2/ext/psych
make DESTDIR\= sitearchdir\=./.gem.20250106-1-w99qzc sitelibdir\=./.gem.20250106-1-w99qzc install
/usr/bin/install -c -m 0755 psych.so ./.gem.20250106-1-w99qzc

current directory: /usr/local/bundle/gems/psych-5.2.2/ext/psych
make DESTDIR\= sitearchdir\=./.gem.20250106-1-w99qzc sitelibdir\=./.gem.20250106-1-w99qzc clean
cd libyaml && make clean
/bin/sh: 1: cd: can't cd to libyaml
make: [Makefile:283: clean-so] Error 2 (ignored)
